# JRE version: OpenJDK Runtime Environment (17.0.10) (build 17.0.10+0--11609105)
# Java VM: OpenJDK 64-Bit Server VM (17.0.10+0--11609105, mixed mode, tiered, compressed oops, compressed class ptrs, g1 gc, windows-amd64)
GC Precious Log:
 CPUs: 16 total, 16 available
 Memory: 15613M
 Large Page Support: Disabled
 NUMA Support: Disabled
 Compressed Oops: Enabled (32-bit)
 Heap Region Size: 1M
 Heap Min Capacity: 8M
 Heap Initial Capacity: 244M
 Heap Max Capacity: 2G
 Pre-touch: Disabled
 Parallel Workers: 13
 Concurrent Workers: 3
 Concurrent Refinement Workers: 13
 Periodic GC: Disabled
Heap:
 garbage-first heap   total 231424K, used 113740K [0x0000000080000000, 0x0000000100000000)
  region size 1024K, 13 young (13312K), 4 survivors (4096K)
 Metaspace       used 106783K, committed 107584K, reserved 1179648K
  class space    used 14555K, committed 14976K, reserved 1048576K
GC Heap History (20 events):
Event: 9.370 GC heap before
{Heap before GC invocations=41 (full 0):
 garbage-first heap   total 192512K, used 154493K [0x0000000080000000, 0x0000000100000000)
  region size 1024K, 81 young (82944K), 5 survivors (5120K)
 Metaspace       used 91383K, committed 92032K, reserved 1179648K
  class space    used 12747K, committed 13056K, reserved 1048576K
}
Event: 9.375 GC heap after
{Heap after GC invocations=42 (full 0):
 garbage-first heap   total 192512K, used 83334K [0x0000000080000000, 0x0000000100000000)
  region size 1024K, 11 young (11264K), 11 survivors (11264K)
 Metaspace       used 91383K, committed 92032K, reserved 1179648K
  class space    used 12747K, committed 13056K, reserved 1048576K
}
Event: 10.009 GC heap before
{Heap before GC invocations=43 (full 0):
 garbage-first heap   total 192512K, used 160134K [0x0000000080000000, 0x0000000100000000)
  region size 1024K, 82 young (83968K), 11 survivors (11264K)
 Metaspace       used 98147K, committed 98880K, reserved 1179648K
  class space    used 13535K, committed 13888K, reserved 1048576K
}
Event: 10.013 GC heap after
{Heap after GC invocations=44 (full 0):
 garbage-first heap   total 192512K, used 86965K [0x0000000080000000, 0x0000000100000000)
  region size 1024K, 10 young (10240K), 10 survivors (10240K)
 Metaspace       used 98147K, committed 98880K, reserved 1179648K
  class space    used 13535K, committed 13888K, reserved 1048576K
}
Event: 10.018 GC heap before
{Heap before GC invocations=44 (full 0):
 garbage-first heap   total 192512K, used 86965K [0x0000000080000000, 0x0000000100000000)
  region size 1024K, 11 young (11264K), 10 survivors (10240K)
 Metaspace       used 98180K, committed 98880K, reserved 1179648K
  class space    used 13540K, committed 13888K, reserved 1048576K
}
Event: 10.021 GC heap after
{Heap after GC invocations=45 (full 0):
 garbage-first heap   total 192512K, used 87036K [0x0000000080000000, 0x0000000100000000)
  region size 1024K, 2 young (2048K), 2 survivors (2048K)
 Metaspace       used 98180K, committed 98880K, reserved 1179648K
  class space    used 13540K, committed 13888K, reserved 1048576K
}
Event: 10.321 GC heap before
{Heap before GC invocations=45 (full 0):
 garbage-first heap   total 192512K, used 155644K [0x0000000080000000, 0x0000000100000000)
  region size 1024K, 70 young (71680K), 2 survivors (2048K)
 Metaspace       used 99043K, committed 99712K, reserved 1179648K
  class space    used 13641K, committed 13952K, reserved 1048576K
}
Event: 10.324 GC heap after
{Heap after GC invocations=46 (full 0):
 garbage-first heap   total 192512K, used 91119K [0x0000000080000000, 0x0000000100000000)
  region size 1024K, 6 young (6144K), 6 survivors (6144K)
 Metaspace       used 99043K, committed 99712K, reserved 1179648K
  class space    used 13641K, committed 13952K, reserved 1048576K
}
Event: 11.349 GC heap before
{Heap before GC invocations=47 (full 0):
 garbage-first heap   total 192512K, used 156655K [0x0000000080000000, 0x0000000100000000)
  region size 1024K, 71 young (72704K), 6 survivors (6144K)
 Metaspace       used 100643K, committed 101312K, reserved 1179648K
  class space    used 13843K, committed 14144K, reserved 1048576K
}
Event: 11.353 GC heap after
{Heap after GC invocations=48 (full 0):
 garbage-first heap   total 192512K, used 96495K [0x0000000080000000, 0x0000000100000000)
  region size 1024K, 8 young (8192K), 8 survivors (8192K)
 Metaspace       used 100643K, committed 101312K, reserved 1179648K
  class space    used 13843K, committed 14144K, reserved 1048576K
}
Event: 11.367 GC heap before
{Heap before GC invocations=48 (full 0):
 garbage-first heap   total 192512K, used 97519K [0x0000000080000000, 0x0000000100000000)
  region size 1024K, 9 young (9216K), 8 survivors (8192K)
 Metaspace       used 100654K, committed 101312K, reserved 1179648K
  class space    used 13844K, committed 14144K, reserved 1048576K
}
Event: 11.370 GC heap after
{Heap after GC invocations=49 (full 0):
 garbage-first heap   total 192512K, used 96291K [0x0000000080000000, 0x0000000100000000)
  region size 1024K, 2 young (2048K), 2 survivors (2048K)
 Metaspace       used 100654K, committed 101312K, reserved 1179648K
  class space    used 13844K, committed 14144K, reserved 1048576K
}
Event: 11.710 GC heap before
{Heap before GC invocations=49 (full 0):
 garbage-first heap   total 192512K, used 138275K [0x0000000080000000, 0x0000000100000000)
  region size 1024K, 45 young (46080K), 2 survivors (2048K)
 Metaspace       used 102791K, committed 103552K, reserved 1179648K
  class space    used 14114K, committed 14528K, reserved 1048576K
}
Event: 11.712 GC heap after
{Heap after GC invocations=50 (full 0):
 garbage-first heap   total 231424K, used 98085K [0x0000000080000000, 0x0000000100000000)
  region size 1024K, 3 young (3072K), 3 survivors (3072K)
 Metaspace       used 102791K, committed 103552K, reserved 1179648K
  class space    used 14114K, committed 14528K, reserved 1048576K
}
Event: 1855.581 GC heap before
{Heap before GC invocations=51 (full 0):
 garbage-first heap   total 231424K, used 216869K [0x0000000080000000, 0x0000000100000000)
  region size 1024K, 88 young (90112K), 3 survivors (3072K)
 Metaspace       used 105972K, committed 106816K, reserved 1179648K
  class space    used 14488K, committed 14912K, reserved 1048576K
}
Event: 1855.584 GC heap after
{Heap after GC invocations=52 (full 0):
 garbage-first heap   total 231424K, used 100957K [0x0000000080000000, 0x0000000100000000)
  region size 1024K, 6 young (6144K), 6 survivors (6144K)
 Metaspace       used 105972K, committed 106816K, reserved 1179648K
  class space    used 14488K, committed 14912K, reserved 1048576K
}
Event: 1855.626 GC heap before
{Heap before GC invocations=52 (full 0):
 garbage-first heap   total 231424K, used 106077K [0x0000000080000000, 0x0000000100000000)
  region size 1024K, 11 young (11264K), 6 survivors (6144K)
 Metaspace       used 106043K, committed 106880K, reserved 1179648K
  class space    used 14490K, committed 14912K, reserved 1048576K
}
Event: 1855.630 GC heap after
{Heap after GC invocations=53 (full 0):
 garbage-first heap   total 231424K, used 101718K [0x0000000080000000, 0x0000000100000000)
  region size 1024K, 2 young (2048K), 2 survivors (2048K)
 Metaspace       used 106043K, committed 106880K, reserved 1179648K
  class space    used 14490K, committed 14912K, reserved 1048576K
}
Event: 1855.866 GC heap before
{Heap before GC invocations=53 (full 0):
 garbage-first heap   total 231424K, used 120150K [0x0000000080000000, 0x0000000100000000)
  region size 1024K, 22 young (22528K), 2 survivors (2048K)
 Metaspace       used 106456K, committed 107328K, reserved 1179648K
  class space    used 14523K, committed 14976K, reserved 1048576K
}
Event: 1855.868 GC heap after
{Heap after GC invocations=54 (full 0):
 garbage-first heap   total 231424K, used 103500K [0x0000000080000000, 0x0000000100000000)
  region size 1024K, 4 young (4096K), 4 survivors (4096K)
 Metaspace       used 106456K, committed 107328K, reserved 1179648K
  class space    used 14523K, committed 14976K, reserved 1048576K
}

